#
# There is insufficient memory for the Java Runtime Environment to continue.
# Native memory allocation (malloc) failed to allocate 1048576 bytes for AllocateHeap
# Possible reasons:
#   The system is out of physical RAM or swap space
#   The process is running with CompressedOops enabled, and the Java Heap may be blocking the growth of the native heap
# Possible solutions:
#   Reduce memory load on the system
#   Increase physical memory or swap space
#   Check if swap backing store is full
#   Decrease Java heap size (-Xmx/-Xms)
#   Decrease number of Java threads
#   Decrease Java thread stack sizes (-Xss)
#   Set larger code cache with -XX:ReservedCodeCacheSize=
#   JVM is running with Zero Based Compressed Oops mode in which the Java heap is
#     placed in the first 32GB address space. The Java Heap base address is the
#     maximum limit for the native heap growth. Please use -XX:HeapBaseMinAddress
#     to set the Java Heap base and to place the Java Heap above 32GB virtual address.
# This output file may be truncated or incomplete.
#
#  Out of Memory Error (allocation.cpp:44), pid=33484, tid=852
#
# JRE version:  (17.0.8.1+8) (build )
# Java VM: OpenJDK 64-Bit Server VM (17.0.8.1+8-LTS, mixed mode, sharing, tiered, compressed oops, compressed class ptrs, g1 gc, windows-amd64)
# No core dump will be written. Minidumps are not enabled by default on client versions of Windows
#

---------------  S U M M A R Y ------------

Command Line: -Dnet.bytebuddy.agent.attacher.dump= net.bytebuddy.agent.Attacher com.sun.tools.attach.VirtualMachine 24052 C:\Users\Telepuzik\.m2\repository\net\bytebuddy\byte-buddy-agent\1.14.10\byte-buddy-agent-1.14.10.jar false 

Host: Intel(R) Core(TM) i5-1035G1 CPU @ 1.00GHz, 8 cores, 15G,  Windows 10 , 64 bit Build 19041 (10.0.19041.3636)
Time: Thu Apr 11 18:39:22 2024 RTZ 2 (s 10 , 64 bit Build 19041 (10.0.19041.3636) elapsed time: 0.013350 seconds (0d 0h 0m 0s)

---------------  T H R E A D  ---------------

Current thread (0x0000021e2f2c8ef0):  JavaThread "Unknown thread" [_thread_in_vm, id=852, stack(0x000000c906f00000,0x000000c907000000)]

Stack: [0x000000c906f00000,0x000000c907000000]
Native frames: (J=compiled Java code, j=interpreted, Vv=VM code, C=native code)
V  [jvm.dll+0x64c9da]
V  [jvm.dll+0x800834]
V  [jvm.dll+0x801fee]
V  [jvm.dll+0x802643]
V  [jvm.dll+0x23715b]
V  [jvm.dll+0xb7deb]
V  [jvm.dll+0x2d4d8e]
V  [jvm.dll+0x2cd040]
V  [jvm.dll+0x7d4491]
V  [jvm.dll+0x357051]
V  [jvm.dll+0x7b485e]
V  [jvm.dll+0x3d45f3]
V  [jvm.dll+0x3d6041]
C  [jli.dll+0x51bf]
C  [ucrtbase.dll+0x21bb2]
C  [KERNEL32.DLL+0x17344]
C  [ntdll.dll+0x526b1]


---------------  P R O C E S S  ---------------

Threads class SMR info:
_java_thread_list=0x00007ffc9954f898, length=0, elements={
}

Java Threads: ( => current thread )

Other Threads:
  0x0000021e2f333f40 GCTaskThread "GC Thread#0" [stack: 0x000000c907000000,0x000000c907100000] [id=18340]

[error occurred during error reporting (printing all threads), id 0xc0000005, EXCEPTION_ACCESS_VIOLATION (0xc0000005) at pc=0x00007ffc98d3a560]

VM state: not at safepoint (not fully initialized)

VM Mutex/Monitor currently owned by a thread:  ([mutex/lock_event])
[0x0000021e2f2c42f0] Heap_lock - owner thread: 0x0000021e2f2c8ef0

Heap address: 0x0000000704c00000, size: 4020 MB, Compressed Oops mode: Zero based, Oop shift amount: 3

CDS archive(s) mapped at: [0x0000000000000000-0x0000000000000000-0x0000000000000000), size 0, SharedBaseAddress: 0x0000000800000000, ArchiveRelocationMode: 1.
Narrow klass base: 0x0000000000000000, Narrow klass shift: 0, Narrow klass range: 0x0

GC Precious Log:
<Empty>

Heap:
 garbage-first heap   total 0K, used 0K [0x0000000704c00000, 0x0000000800000000)
  region size 2048K, 0 young (0K), 0 survivors (0K)

[error occurred during error reporting (printing heap information), id 0xc0000005, EXCEPTION_ACCESS_VIOLATION (0xc0000005) at pc=0x00007ffc99104bd9]

GC Heap History (0 events):
No events

Dll operation events (1 events):
Event: 0.008 Loaded shared library C:\Users\Telepuzik\.jdks\corretto-17.0.8.1\bin\java.dll

Deoptimization events (0 events):
No events

Classes unloaded (0 events):
No events

Classes redefined (0 events):
No events

Internal exceptions (0 events):
No events

VM Operations (0 events):
No events

Events (0 events):
No events


Dynamic libraries:
0x00007ff7aa570000 - 0x00007ff7aa57d000 	C:\Users\Telepuzik\.jdks\corretto-17.0.8.1\bin\java.exe
0x00007ffd0a610000 - 0x00007ffd0a808000 	C:\Windows\SYSTEM32\ntdll.dll
0x00007ffd08f00000 - 0x00007ffd08fbd000 	C:\Windows\System32\KERNEL32.DLL
0x00007ffd07fb0000 - 0x00007ffd082a6000 	C:\Windows\System32\KERNELBASE.dll
0x00007ffd07e10000 - 0x00007ffd07f10000 	C:\Windows\System32\ucrtbase.dll
0x00007ffcfeea0000 - 0x00007ffcfeeb7000 	C:\Users\Telepuzik\.jdks\corretto-17.0.8.1\bin\jli.dll
0x00007ffcf8a70000 - 0x00007ffcf8a85000 	C:\Users\Telepuzik\.jdks\corretto-17.0.8.1\bin\VCRUNTIME140.dll
0x00007ffd09e40000 - 0x00007ffd09fde000 	C:\Windows\System32\USER32.dll
0x00007ffce7e50000 - 0x00007ffce80ea000 	C:\Windows\WinSxS\amd64_microsoft.windows.common-controls_6595b64144ccf1df_6.0.19041.3636_none_60b6a03d71f818d5\COMCTL32.dll
0x00007ffd07cc0000 - 0x00007ffd07ce2000 	C:\Windows\System32\win32u.dll
0x00007ffd08fc0000 - 0x00007ffd0905e000 	C:\Windows\System32\msvcrt.dll
0x00007ffd08c10000 - 0x00007ffd08c3b000 	C:\Windows\System32\GDI32.dll
0x00007ffd08440000 - 0x00007ffd08557000 	C:\Windows\System32\gdi32full.dll
0x00007ffd07f10000 - 0x00007ffd07fad000 	C:\Windows\System32\msvcp_win.dll
0x00007ffd08760000 - 0x00007ffd08792000 	C:\Windows\System32\IMM32.DLL
0x00007ffce1a90000 - 0x00007ffce1b2b000 	C:\Users\Telepuzik\.jdks\corretto-17.0.8.1\bin\msvcp140.dll
0x00007ffc98a60000 - 0x00007ffc9967d000 	C:\Users\Telepuzik\.jdks\corretto-17.0.8.1\bin\server\jvm.dll
0x00007ffd0a2f0000 - 0x00007ffd0a3a0000 	C:\Windows\System32\ADVAPI32.dll
0x00007ffd087a0000 - 0x00007ffd08840000 	C:\Windows\System32\sechost.dll
0x00007ffd0a430000 - 0x00007ffd0a555000 	C:\Windows\System32\RPCRT4.dll
0x00007ffd08410000 - 0x00007ffd08437000 	C:\Windows\System32\bcrypt.dll
0x00007ffd07b20000 - 0x00007ffd07b6b000 	C:\Windows\SYSTEM32\POWRPROF.dll
0x00007ffd013a0000 - 0x00007ffd013aa000 	C:\Windows\SYSTEM32\VERSION.dll
0x00007ffceccc0000 - 0x00007ffcecce7000 	C:\Windows\SYSTEM32\WINMM.dll
0x00007ffd036d0000 - 0x00007ffd036d9000 	C:\Windows\SYSTEM32\WSOCK32.dll
0x00007ffd0a560000 - 0x00007ffd0a5cb000 	C:\Windows\System32\WS2_32.dll
0x00007ffd07b00000 - 0x00007ffd07b12000 	C:\Windows\SYSTEM32\UMPDC.dll
0x00007ffd05b30000 - 0x00007ffd05b42000 	C:\Windows\SYSTEM32\kernel.appcore.dll
0x00007ffd034f0000 - 0x00007ffd034fa000 	C:\Users\Telepuzik\.jdks\corretto-17.0.8.1\bin\jimage.dll
0x00007ffcdda20000 - 0x00007ffcddc04000 	C:\Windows\SYSTEM32\DBGHELP.DLL
0x00007ffcdd9b0000 - 0x00007ffcdd9e4000 	C:\Windows\SYSTEM32\dbgcore.DLL
0x00007ffd085b0000 - 0x00007ffd08632000 	C:\Windows\System32\bcryptPrimitives.dll
0x00007ffceb810000 - 0x00007ffceb835000 	C:\Users\Telepuzik\.jdks\corretto-17.0.8.1\bin\java.dll

dbghelp: loaded successfully - version: 4.0.5 - missing functions: none
symbol engine: initialized successfully - sym options: 0x614 - pdb path: .;C:\Users\Telepuzik\.jdks\corretto-17.0.8.1\bin;C:\Windows\SYSTEM32;C:\Windows\WinSxS\amd64_microsoft.windows.common-controls_6595b64144ccf1df_6.0.19041.3636_none_60b6a03d71f818d5;C:\Users\Telepuzik\.jdks\corretto-17.0.8.1\bin\server

VM Arguments:
jvm_args: -Dnet.bytebuddy.agent.attacher.dump= 
java_command: net.bytebuddy.agent.Attacher com.sun.tools.attach.VirtualMachine 24052 C:\Users\Telepuzik\.m2\repository\net\bytebuddy\byte-buddy-agent\1.14.10\byte-buddy-agent-1.14.10.jar false 
java_class_path (initial): C:\Users\Telepuzik\.m2\repository\net\bytebuddy\byte-buddy-agent\1.14.10\byte-buddy-agent-1.14.10.jar
Launcher Type: SUN_STANDARD

[Global flags]
     intx CICompilerCount                          = 4                                         {product} {ergonomic}
     uint ConcGCThreads                            = 2                                         {product} {ergonomic}
     uint G1ConcRefinementThreads                  = 8                                         {product} {ergonomic}
   size_t G1HeapRegionSize                         = 2097152                                   {product} {ergonomic}
    uintx GCDrainStackTargetSize                   = 64                                        {product} {ergonomic}
   size_t InitialHeapSize                          = 264241152                                 {product} {ergonomic}
   size_t MarkStackSize                            = 4194304                                   {product} {ergonomic}
   size_t MaxHeapSize                              = 4215275520                                {product} {ergonomic}
   size_t MinHeapDeltaBytes                        = 2097152                                   {product} {ergonomic}
   size_t MinHeapSize                              = 8388608                                   {product} {ergonomic}
    uintx NonNMethodCodeHeapSize                   = 5839372                                {pd product} {ergonomic}
    uintx NonProfiledCodeHeapSize                  = 122909434                              {pd product} {ergonomic}
    uintx ProfiledCodeHeapSize                     = 122909434                              {pd product} {ergonomic}
    uintx ReservedCodeCacheSize                    = 251658240                              {pd product} {ergonomic}
     bool SegmentedCodeCache                       = true                                      {product} {ergonomic}
   size_t SoftMaxHeapSize                          = 4215275520                             {manageable} {ergonomic}
     bool UseCompressedClassPointers               = true                           {product lp64_product} {ergonomic}
     bool UseCompressedOops                        = true                           {product lp64_product} {ergonomic}
     bool UseG1GC                                  = true                                      {product} {ergonomic}
     bool UseLargePagesIndividualAllocation        = false                                  {pd product} {ergonomic}

Logging:
Log output configuration:
 #0: stdout all=warning uptime,level,tags
 #1: stderr all=off uptime,level,tags

Environment Variables:
PATH=C:\Program Files\Microsoft\jdk-11.0.12.7-hotspot\bin;C:\Program Files\Common Files\Oracle\Java\javapath;C:\Windows\system32;C:\Windows;C:\Windows\System32\Wbem;C:\Windows\System32\WindowsPowerShell\v1.0\;C:\Windows\System32\OpenSSH\;C:\Program Files\dotnet\;C:\Program Files\Microsoft SQL Server\130\Tools\Binn\;C:\Program Files\Microsoft SQL Server\Client SDK\ODBC\170\Tools\Binn\;C:\Program Files (x86)\Microsoft SQL Server\140\Tools\Binn\;C:\Program Files\Microsoft SQL Server\140\Tools\Binn\;C:\Program Files (x86)\Microsoft SQL Server\140\DTS\Binn\;C:\Program Files\Microsoft SQL Server\140\DTS\Binn\;C:\Program Files\Microsoft SQL Server\Client SDK\ODBC\130\Tools\Binn\;C:\Program Files (x86)\Microsoft SQL Server\150\DTS\Binn\;C:\Program Files\Azure Data Studio\bin;C:\MinGW\bin;C:\Program Files\Microsoft SQL Server\150\Tools\Binn\;C:\Program Files\Git\cmd;C:\Program Files\Docker\Docker\resources\bin;C:\Program Files\Git LFS;C:\Program Files\nodejs\;C:\ProgramData\chocolatey\bin;C:\Users\Telepuzik\AppData\Local\Pub\Cache\bin;C:\Users\Telepuzik\AppData\Local\Programs\Python\Python311\Scripts\;C:\Users\Telepuzik\AppData\Local\Programs\Python\Python311\;C:\Ruby31-x64\bin;C:\Users\Telepuzik\AppData\Local\Programs\Python\Python310\Scripts\;C:\Users\Telepuzik\AppData\Local\Programs\Python\Python310\;C:\Users\Telepuzik\AppData\Local\Microsoft\WindowsApps;C:\Users\Telepuzik\.dotnet\tools;C:\Program Files\Java\jdk-17.0.1\bin;C:\Program Files\Azure Data Studio\bin;C:\Users\Telepuzik\AppData\Local\Programs\Microsoft VS Code\bin;C:\MinGW\bin;C:\Users\Telepuzik\github-classroom\mpt-nilovartem\wordmaker-Balalaika73;C:\Program Files\JetBrains\PyCharm 2021.3.3\bin;C:\Users\Telepuzik\AppData\Local\atom\bin;C:\Users\Telepuzik\Downloads\flutter\bin;C:\Users\Telepuzik\.dotnet\tools;C:\Users\Telepuzik\AppData\Roaming\npm;C:\Users\Telepuzik\AppData\Local\Pub\Cache\bin;
USERNAME=Telepuzik
OS=Windows_NT
PROCESSOR_IDENTIFIER=Intel64 Family 6 Model 126 Stepping 5, GenuineIntel
TMP=C:\Users\TELEPU~1\AppData\Local\Temp
TEMP=C:\Users\TELEPU~1\AppData\Local\Temp



---------------  S Y S T E M  ---------------

OS:
 Windows 10 , 64 bit Build 19041 (10.0.19041.3636)
OS uptime: 9 days 14:59 hours
Hyper-V role detected

CPU: total 8 (initial active 8) (4 cores per cpu, 2 threads per core) family 6 model 126 stepping 5 microcode 0xa0, cx8, cmov, fxsr, ht, mmx, 3dnowpref, sse, sse2, sse3, ssse3, sse4.1, sse4.2, popcnt, lzcnt, tsc, tscinvbit, avx, avx2, aes, erms, clmul, bmi1, bmi2, adx, avx512f, avx512dq, avx512cd, avx512bw, avx512vl, sha, fma, vzeroupper, avx512_vpopcntdq, avx512_vpclmulqdq, avx512_vaes, avx512_vnni, clflush, clflushopt, avx512_vbmi2, avx512_vbmi, hv
Processor Information for all 8 processors :
  Max Mhz: 1190, Current Mhz: 991, Mhz Limit: 987

Memory: 4k page, system-wide physical 16072M (2995M free)
TotalPageFile size 24264M (AvailPageFile size 5M)
current process WorkingSet (physical memory assigned to process): 10M, peak: 10M
current process commit charge ("private bytes"): 58M, peak: 59M

vm_info: OpenJDK 64-Bit Server VM (17.0.8.1+8-LTS) for windows-amd64 JRE (17.0.8.1+8-LTS), built on Aug 19 2023 03:47:39 by "Administrator" with MS VC++ 15.9 (VS2017)

END.
